1670080418.807345 client started (6513): version 3.2a, socket /tmp/tmux-0/default, protocol 8
1670080418.807718 on Linux 5.15.68.1-microsoft-standard-WSL2 #2 SMP Thu Oct 6 15:52:22 CST 2022
1670080418.807865 using libevent 2.1.12-stable (poll); ncurses 6.3
1670080418.807990 flags are 0x10010000
1670080418.808128 socket is /tmp/tmux-0/default
1670080418.808260 trying connect
1670080418.808449 add peer 0x559975b13be0: 6 ((nil))
1670080418.808765 sending message 100 to peer 0x559975b13be0 (4 bytes)
1670080418.809026 sending message 111 to peer 0x559975b13be0 (8 bytes)
1670080418.809170 sending message 101 to peer 0x559975b13be0 (7 bytes)
1670080418.809287 sending message 109 to peer 0x559975b13be0 (4 bytes)
1670080418.809402 sending message 102 to peer 0x559975b13be0 (11 bytes)
1670080418.809510 sending message 108 to peer 0x559975b13be0 (17 bytes)
1670080418.809616 sending message 112 to peer 0x559975b13be0 (70 bytes)
1670080418.809717 sending message 112 to peer 0x559975b13be0 (5 bytes)
1670080418.809836 sending message 112 to peer 0x559975b13be0 (5 bytes)
1670080418.809937 sending message 112 to peer 0x559975b13be0 (6 bytes)
1670080418.810061 sending message 112 to peer 0x559975b13be0 (6 bytes)
1670080418.810175 sending message 112 to peer 0x559975b13be0 (11 bytes)
1670080418.810289 sending message 112 to peer 0x559975b13be0 (10 bytes)
1670080418.810404 sending message 112 to peer 0x559975b13be0 (13 bytes)
1670080418.810506 sending message 112 to peer 0x559975b13be0 (13 bytes)
1670080418.810612 sending message 112 to peer 0x559975b13be0 (18 bytes)
1670080418.810718 sending message 112 to peer 0x559975b13be0 (9 bytes)
1670080418.810825 sending message 112 to peer 0x559975b13be0 (21 bytes)
1670080418.810947 sending message 112 to peer 0x559975b13be0 (13 bytes)
1670080418.811059 sending message 112 to peer 0x559975b13be0 (7 bytes)
1670080418.811165 sending message 112 to peer 0x559975b13be0 (13 bytes)
1670080418.811283 sending message 112 to peer 0x559975b13be0 (7 bytes)
1670080418.811405 sending message 112 to peer 0x559975b13be0 (13 bytes)
1670080418.811537 sending message 112 to peer 0x559975b13be0 (9 bytes)
1670080418.811661 sending message 112 to peer 0x559975b13be0 (21 bytes)
1670080418.811790 sending message 112 to peer 0x559975b13be0 (13 bytes)
1670080418.811893 sending message 112 to peer 0x559975b13be0 (8 bytes)
1670080418.812009 sending message 112 to peer 0x559975b13be0 (12 bytes)
1670080418.812120 sending message 112 to peer 0x559975b13be0 (13 bytes)
1670080418.812226 sending message 112 to peer 0x559975b13be0 (9 bytes)
1670080418.812330 sending message 112 to peer 0x559975b13be0 (9 bytes)
1670080418.812424 sending message 112 to peer 0x559975b13be0 (12 bytes)
1670080418.812529 sending message 112 to peer 0x559975b13be0 (8 bytes)
1670080418.812648 sending message 112 to peer 0x559975b13be0 (7 bytes)
1670080418.812742 sending message 112 to peer 0x559975b13be0 (7 bytes)
1670080418.812852 sending message 112 to peer 0x559975b13be0 (9 bytes)
1670080418.812967 sending message 112 to peer 0x559975b13be0 (13 bytes)
1670080418.813078 sending message 112 to peer 0x559975b13be0 (9 bytes)
1670080418.813201 sending message 112 to peer 0x559975b13be0 (15 bytes)
1670080418.813313 sending message 112 to peer 0x559975b13be0 (13 bytes)
1670080418.813426 sending message 112 to peer 0x559975b13be0 (12 bytes)
1670080418.813546 sending message 112 to peer 0x559975b13be0 (8 bytes)
1670080418.813652 sending message 112 to peer 0x559975b13be0 (14 bytes)
1670080418.813757 sending message 112 to peer 0x559975b13be0 (9 bytes)
1670080418.813882 sending message 112 to peer 0x559975b13be0 (10 bytes)
1670080418.813965 sending message 112 to peer 0x559975b13be0 (10 bytes)
1670080418.814071 sending message 112 to peer 0x559975b13be0 (10 bytes)
1670080418.814251 sending message 112 to peer 0x559975b13be0 (10 bytes)
1670080418.814507 sending message 112 to peer 0x559975b13be0 (11 bytes)
1670080418.814842 sending message 112 to peer 0x559975b13be0 (10 bytes)
1670080418.815086 sending message 112 to peer 0x559975b13be0 (8 bytes)
1670080418.815568 sending message 112 to peer 0x559975b13be0 (11 bytes)
1670080418.815865 sending message 112 to peer 0x559975b13be0 (11 bytes)
1670080418.816037 sending message 112 to peer 0x559975b13be0 (11 bytes)
1670080418.816221 sending message 112 to peer 0x559975b13be0 (8 bytes)
1670080418.816354 sending message 112 to peer 0x559975b13be0 (8 bytes)
1670080418.816511 sending message 112 to peer 0x559975b13be0 (8 bytes)
1670080418.816683 sending message 112 to peer 0x559975b13be0 (10 bytes)
1670080418.816824 sending message 112 to peer 0x559975b13be0 (10 bytes)
1670080418.816989 sending message 112 to peer 0x559975b13be0 (10 bytes)
1670080418.817146 sending message 112 to peer 0x559975b13be0 (10 bytes)
1670080418.817293 sending message 112 to peer 0x559975b13be0 (10 bytes)
1670080418.817450 sending message 112 to peer 0x559975b13be0 (11 bytes)
1670080418.817599 sending message 112 to peer 0x559975b13be0 (11 bytes)
1670080418.817727 sending message 112 to peer 0x559975b13be0 (10 bytes)
1670080418.817882 sending message 112 to peer 0x559975b13be0 (9 bytes)
1670080418.818036 sending message 112 to peer 0x559975b13be0 (9 bytes)
1670080418.818170 sending message 112 to peer 0x559975b13be0 (12 bytes)
1670080418.818322 sending message 112 to peer 0x559975b13be0 (9 bytes)
1670080418.818445 sending message 112 to peer 0x559975b13be0 (6 bytes)
1670080418.818580 sending message 112 to peer 0x559975b13be0 (8 bytes)
1670080418.818691 sending message 112 to peer 0x559975b13be0 (15 bytes)
1670080418.818818 sending message 112 to peer 0x559975b13be0 (13 bytes)
1670080418.818947 sending message 112 to peer 0x559975b13be0 (16 bytes)
1670080418.819061 sending message 112 to peer 0x559975b13be0 (16 bytes)
1670080418.819215 sending message 112 to peer 0x559975b13be0 (10 bytes)
1670080418.819327 sending message 112 to peer 0x559975b13be0 (8 bytes)
1670080418.819435 sending message 112 to peer 0x559975b13be0 (15 bytes)
1670080418.819572 sending message 112 to peer 0x559975b13be0 (13 bytes)
1670080418.819677 sending message 112 to peer 0x559975b13be0 (10 bytes)
1670080418.819787 sending message 112 to peer 0x559975b13be0 (10 bytes)
1670080418.819880 sending message 112 to peer 0x559975b13be0 (5 bytes)
1670080418.819992 sending message 112 to peer 0x559975b13be0 (15 bytes)
1670080418.820114 sending message 104 to peer 0x559975b13be0 (0 bytes)
1670080418.820221 sending message 110 to peer 0x559975b13be0 (0 bytes)
1670080418.820347 sending message 107 to peer 0x559975b13be0 (4 bytes)
1670080418.820472 sending message 105 to peer 0x559975b13be0 (16 bytes)
1670080418.820568 sending message 105 to peer 0x559975b13be0 (26 bytes)
1670080418.820711 sending message 105 to peer 0x559975b13be0 (32 bytes)
1670080418.820828 sending message 105 to peer 0x559975b13be0 (21 bytes)
1670080418.820961 sending message 105 to peer 0x559975b13be0 (11 bytes)
1670080418.821089 sending message 105 to peer 0x559975b13be0 (21 bytes)
1670080418.821210 sending message 105 to peer 0x559975b13be0 (13 bytes)
1670080418.821336 sending message 105 to peer 0x559975b13be0 (11 bytes)
1670080418.821472 sending message 105 to peer 0x559975b13be0 (17 bytes)
1670080418.821585 sending message 105 to peer 0x559975b13be0 (1519 bytes)
1670080418.821748 sending message 105 to peer 0x559975b13be0 (27 bytes)
1670080418.821881 sending message 105 to peer 0x559975b13be0 (34 bytes)
1670080418.822000 sending message 105 to peer 0x559975b13be0 (12 bytes)
1670080418.822107 sending message 105 to peer 0x559975b13be0 (32 bytes)
1670080418.822221 sending message 105 to peer 0x559975b13be0 (10 bytes)
1670080418.822353 sending message 105 to peer 0x559975b13be0 (13 bytes)
1670080418.822492 sending message 105 to peer 0x559975b13be0 (8 bytes)
1670080418.822633 sending message 105 to peer 0x559975b13be0 (61 bytes)
1670080418.822764 sending message 105 to peer 0x559975b13be0 (17 bytes)
1670080418.822885 sending message 105 to peer 0x559975b13be0 (19 bytes)
1670080418.823063 sending message 105 to peer 0x559975b13be0 (104 bytes)
1670080418.823193 sending message 105 to peer 0x559975b13be0 (20 bytes)
1670080418.823330 sending message 105 to peer 0x559975b13be0 (19 bytes)
1670080418.823496 sending message 105 to peer 0x559975b13be0 (18 bytes)
1670080418.823617 sending message 105 to peer 0x559975b13be0 (16 bytes)
1670080418.823724 sending message 106 to peer 0x559975b13be0 (0 bytes)
1670080418.823830 sending message 200 to peer 0x559975b13be0 (4 bytes)
1670080418.823940 client loop enter
1670080418.824388 peer 0x559975b13be0 message 303
1670080418.824508 open write file 2 -
1670080418.824641 sending message 305 to peer 0x559975b13be0 (8 bytes)
1670080418.824800 write check file 2
1670080418.825067 peer 0x559975b13be0 message 304
1670080418.825194 write 58 to file 2
1670080418.825663 peer 0x559975b13be0 message 203
1670080418.825799 file 2 58 bytes left
1670080418.825962 write check file 2
1670080418.826108 client loop exit
